<?xml version="1.0" encoding="UTF-8"?>
<!-- Generated by org.testng.reporters.JUnitReportReporter -->
<testsuite hostname="DESKTOP-G9MFVJH" failures="0" tests="1" name="webGUITestAutomation.FirstTest" time="8.343" errors="0" timestamp="2021-11-13T04:10:00 EET" skipped="0">
  <testcase classname="webGUITestAutomation.FirstTest" name="testSearchGoogle" time="8.343"/>
  <system-out/>
</testsuite> <!-- webGUITestAutomation.FirstTest -->
