<?xml version="1.0" encoding="UTF-8"?>
<!-- Generated by org.testng.reporters.JUnitReportReporter -->
<testsuite hostname="DESKTOP-G9MFVJH" failures="0" tests="1" name="webGUITestAutomation.SecondTest" time="4.851" errors="0" timestamp="2021-11-13T13:36:11 EET" skipped="0">
  <testcase classname="webGUITestAutomation.SecondTest" name="testHerokuFileUpload" time="4.851"/>
  <system-out>
    <![CDATA[The test testHerokuFileUpload is succeeded 1
<a href='C:\workspace\automationTestingFramework\src\test\resources\ScreenshotstestHerokuFileUpload.png'> <img src='C:\workspace\automationTestingFramework\src\test\resources\ScreenshotstestHerokuFileUpload.png' height='100' width='100'/> </a>]]>
  </system-out>
</testsuite> <!-- webGUITestAutomation.SecondTest -->
