<?xml version="1.0" encoding="UTF-8"?>
<!-- Generated by org.testng.reporters.JUnitReportReporter -->
<testsuite hostname="DESKTOP-G9MFVJH" failures="0" tests="1" name="apiTestAutomation.CatFactsAPI" time="3.253" errors="0" timestamp="2021-11-13T04:10:00 EET" skipped="0">
  <testcase classname="apiTestAutomation.CatFactsAPI" name="CheckTextIsNotNull" time="3.253"/>
  <system-out/>
</testsuite> <!-- apiTestAutomation.CatFactsAPI -->
