<?xml version="1.0" encoding="UTF-8"?>
<!-- Generated by org.testng.reporters.JUnitReportReporter -->
<testsuite skipped="0" hostname="DESKTOP-4VT2SJF" name="webGUITestAutomation.ThirdTest" tests="1" failures="0" timestamp="2021-11-13T17:04:16 EET" time="11.365" errors="0">
  <testcase name="testHerokuDynamicLoading" time="11.365" classname="webGUITestAutomation.ThirdTest"/>
  <system-out>
    <![CDATA[The test testHerokuDynamicLoading is succeeded 1
<a href='C:\eclipse-workspace\7ammad\src\test\resources\ScreenshotstestHerokuDynamicLoading.png'> <img src='C:\eclipse-workspace\7ammad\src\test\resources\ScreenshotstestHerokuDynamicLoading.png' height='100' width='100'/> </a>]]>
  </system-out>
</testsuite> <!-- webGUITestAutomation.ThirdTest -->
