<?xml version="1.0" encoding="UTF-8"?>
<!-- Generated by org.testng.reporters.JUnitReportReporter -->
<testsuite hostname="DESKTOP-G9MFVJH" failures="0" tests="1" name="webGUITestAutomation.ThirdTest" time="10.116" errors="0" timestamp="2021-11-13T13:36:11 EET" skipped="0">
  <testcase classname="webGUITestAutomation.ThirdTest" name="testHerokuDynamicLoading" time="10.116"/>
  <system-out>
    <![CDATA[The test testHerokuDynamicLoading is succeeded 1
<a href='C:\workspace\automationTestingFramework\src\test\resources\ScreenshotstestHerokuDynamicLoading.png'> <img src='C:\workspace\automationTestingFramework\src\test\resources\ScreenshotstestHerokuDynamicLoading.png' height='100' width='100'/> </a>]]>
  </system-out>
</testsuite> <!-- webGUITestAutomation.ThirdTest -->
