<?xml version="1.0" encoding="UTF-8"?>
<!-- Generated by org.testng.reporters.JUnitReportReporter -->
<testsuite skipped="0" hostname="DESKTOP-4VT2SJF" name="webGUITestAutomation.SecondTest" tests="1" failures="0" timestamp="2021-11-13T17:28:33 EET" time="7.112" errors="0">
  <testcase name="testHerokuFileUpload" time="7.112" classname="webGUITestAutomation.SecondTest"/>
  <system-out/>
</testsuite> <!-- webGUITestAutomation.SecondTest -->
