<?xml version="1.0" encoding="UTF-8"?>
<!-- Generated by org.testng.reporters.JUnitReportReporter -->
<testsuite hostname="DESKTOP-G9MFVJH" failures="0" tests="1" name="webGUITestAutomation.ThirdTest" time="10.042" errors="0" timestamp="2021-11-13T06:25:42 EET" skipped="0">
  <testcase classname="webGUITestAutomation.ThirdTest" name="testHerokuDynamicLoading" time="10.042"/>
  <system-out>
    <![CDATA[The test testHerokuDynamicLoading is succeeded 1
<a href='C:\workspace\automationTestingFramework\src\test\resources\testHerokuDynamicLoading.png'> <img src='C:\workspace\automationTestingFramework\src\test\resources\testHerokuDynamicLoading.png' height='200' width='200'/> </a>]]>
  </system-out>
</testsuite> <!-- webGUITestAutomation.ThirdTest -->
