<?xml version="1.0" encoding="UTF-8"?>
<!-- Generated by org.testng.reporters.JUnitReportReporter -->
<testsuite hostname="DESKTOP-G9MFVJH" failures="0" tests="1" name="apiTestAutomation.CatFactsAPI" time="3.303" errors="0" timestamp="2021-11-13T06:25:42 EET" skipped="0">
  <testcase classname="apiTestAutomation.CatFactsAPI" name="CheckTextIsNotNull" time="3.303"/>
  <system-out>
    <![CDATA[The test CheckTextIsNotNull is succeeded 1]]>
  </system-out>
</testsuite> <!-- apiTestAutomation.CatFactsAPI -->
