<?xml version="1.0" encoding="UTF-8"?>
<!-- Generated by org.testng.reporters.JUnitReportReporter -->
<testsuite hostname="DESKTOP-G9MFVJH" failures="0" tests="1" name="webGUITestAutomation.SecondTest" time="5.045" errors="0" timestamp="2021-11-13T06:25:42 EET" skipped="0">
  <testcase classname="webGUITestAutomation.SecondTest" name="testHerokuFileUpload" time="5.045"/>
  <system-out>
    <![CDATA[The test testHerokuFileUpload is succeeded 1
<a href='C:\workspace\automationTestingFramework\src\test\resources\testHerokuFileUpload.png'> <img src='C:\workspace\automationTestingFramework\src\test\resources\testHerokuFileUpload.png' height='200' width='200'/> </a>]]>
  </system-out>
</testsuite> <!-- webGUITestAutomation.SecondTest -->
