<?xml version="1.0" encoding="UTF-8"?>
<!-- Generated by org.testng.reporters.JUnitReportReporter -->
<testsuite skipped="0" hostname="DESKTOP-4VT2SJF" name="apiTestAutomation.CatFactsAPI" tests="1" failures="0" timestamp="2021-11-13T18:03:12 EET" time="4.122" errors="0">
  <testcase name="CheckTextIsNotNull" time="4.122" classname="apiTestAutomation.CatFactsAPI"/>
  <system-out>
    <![CDATA[apiTestAutomation.CatFactsAPI
{"status":{"verified":true,"sentCount":1},"_id":"58e00b3a0aac31001185ed20","user":"58e007480aac31001185ecef","text":"Polydactyl cats are also referred to as \"Hemingway cats\" because the author was so fond of them.","__v":0,"source":"user","updatedAt":"2020-08-23T20:20:01.611Z","type":"cat","createdAt":"2018-02-17T21:41:52.585Z","deleted":false,"used":false}
The test CheckTextIsNotNull is succeeded 1]]>
  </system-out>
</testsuite> <!-- apiTestAutomation.CatFactsAPI -->
