<?xml version="1.0" encoding="UTF-8"?>
<!-- Generated by org.testng.reporters.JUnitReportReporter -->
<testsuite hostname="DESKTOP-G9MFVJH" failures="0" tests="1" name="apiTestAutomation.CatFactsAPI" time="3.269" errors="0" timestamp="2021-11-13T13:36:11 EET" skipped="0">
  <testcase classname="apiTestAutomation.CatFactsAPI" name="CheckTextIsNotNull" time="3.269"/>
  <system-out>
    <![CDATA[apiTestAutomation.CatFactsAPI {"status":{"verified":true,"sentCount":1},"_id":"5b1b4039841d9700146158d2","updatedAt":"2020-08-23T20:20:01.611Z","createdAt":"2018-06-13T20:20:03.097Z","user":"5a9ac18c7478810ea6c06381","text":"When cats bring dead animals back to their humans, they are \"teaching them to hunt\" as they would with a younger cat.","deleted":false,"source":"user","__v":0,"type":"cat","used":false}
The test CheckTextIsNotNull is succeeded 1]]>
  </system-out>
</testsuite> <!-- apiTestAutomation.CatFactsAPI -->
