<?xml version="1.0" encoding="UTF-8"?>
<!-- Generated by org.testng.reporters.JUnitReportReporter -->
<testsuite skipped="0" hostname="DESKTOP-4VT2SJF" name="apiTestAutomation.CatFactsAPI" tests="1" failures="0" timestamp="2021-11-13T17:04:16 EET" time="4.246" errors="0">
  <testcase name="CheckTextIsNotNull" time="4.246" classname="apiTestAutomation.CatFactsAPI"/>
  <system-out>
    <![CDATA[apiTestAutomation.CatFactsAPI
{"status":{"verified":true,"sentCount":1},"_id":"591f98703b90f7150a19c13c","__v":0,"text":"All cats have three sets of long hairs that are sensitive to pressure - whiskers, eyebrows,and the hairs between their paw pads.","source":"api","updatedAt":"2020-08-23T20:20:01.611Z","type":"cat","createdAt":"2018-01-04T01:10:54.673Z","deleted":false,"used":false,"user":"5a9ac18c7478810ea6c06381"}
The test CheckTextIsNotNull is succeeded 1]]>
  </system-out>
</testsuite> <!-- apiTestAutomation.CatFactsAPI -->
